# JRE version: OpenJDK Runtime Environment (7.0_65-b32) (build 1.7.0_65-b32)
# Java VM: OpenJDK 64-Bit Server VM (24.65-b04 mixed mode linux-amd64 compressed oops)
Heap
 PSYoungGen      total 83456K, used 7767K [0x00000000f5500000, 0x00000000fed80000, 0x0000000100000000)
  eden space 68096K, 3% used [0x00000000f5500000,0x00000000f579bd68,0x00000000f9780000)
  from space 15360K, 33% used [0x00000000f9780000,0x00000000f9c7a0e0,0x00000000fa680000)
  to   space 26112K, 0% used [0x00000000fd400000,0x00000000fd400000,0x00000000fed80000)
 ParOldGen       total 80896K, used 42975K [0x00000000e0000000, 0x00000000e4f00000, 0x00000000f5500000)
  object space 80896K, 53% used [0x00000000e0000000,0x00000000e29f7d88,0x00000000e4f00000)
 PSPermGen       total 77312K, used 49113K [0x00000000d0000000, 0x00000000d4b80000, 0x00000000e0000000)
  object space 77312K, 63% used [0x00000000d0000000,0x00000000d2ff6770,0x00000000d4b80000)
GC Heap History (10 events):
Event: 6.899 GC heap before
{Heap before GC invocations=5 (full 1):
 PSYoungGen      total 44544K, used 1520K [0x00000000f5500000, 0x00000000f8200000, 0x0000000100000000)
  eden space 43008K, 0% used [0x00000000f5500000,0x00000000f5500000,0x00000000f7f00000)
  from space 1536K, 98% used [0x00000000f8080000,0x00000000f81fc030,0x00000000f8200000)
  to   space 1536K, 0% used [0x00000000f7f00000,0x00000000f7f00000,0x00000000f8080000)
 ParOldGen       total 27648K, used 18286K [0x00000000e0000000, 0x00000000e1b00000, 0x00000000f5500000)
  object space 27648K, 66% used [0x00000000e0000000,0x00000000e11db8d8,0x00000000e1b00000)
 PSPermGen       total 21504K, used 20881K [0x00000000d0000000, 0x00000000d1500000, 0x00000000e0000000)
  object space 21504K, 97% used [0x00000000d0000000,0x00000000d1464748,0x00000000d1500000)
Event: 6.987 GC heap after
Heap after GC invocations=5 (full 1):
 PSYoungGen      total 44544K, used 0K [0x00000000f5500000, 0x00000000f8200000, 0x0000000100000000)
  eden space 43008K, 0% used [0x00000000f5500000,0x00000000f5500000,0x00000000f7f00000)
  from space 1536K, 0% used [0x00000000f8080000,0x00000000f8080000,0x00000000f8200000)
  to   space 1536K, 0% used [0x00000000f7f00000,0x00000000f7f00000,0x00000000f8080000)
 ParOldGen       total 41984K, used 17258K [0x00000000e0000000, 0x00000000e2900000, 0x00000000f5500000)
  object space 41984K, 41% used [0x00000000e0000000,0x00000000e10da9a0,0x00000000e2900000)
 PSPermGen       total 41984K, used 20876K [0x00000000d0000000, 0x00000000d2900000, 0x00000000e0000000)
  object space 41984K, 49% used [0x00000000d0000000,0x00000000d1463240,0x00000000d2900000)
}
Event: 8.680 GC heap before
{Heap before GC invocations=6 (full 1):
 PSYoungGen      total 44544K, used 43008K [0x00000000f5500000, 0x00000000f8200000, 0x0000000100000000)
  eden space 43008K, 100% used [0x00000000f5500000,0x00000000f7f00000,0x00000000f7f00000)
  from space 1536K, 0% used [0x00000000f8080000,0x00000000f8080000,0x00000000f8200000)
  to   space 1536K, 0% used [0x00000000f7f00000,0x00000000f7f00000,0x00000000f8080000)
 ParOldGen       total 41984K, used 17258K [0x00000000e0000000, 0x00000000e2900000, 0x00000000f5500000)
  object space 41984K, 41% used [0x00000000e0000000,0x00000000e10da9a0,0x00000000e2900000)
 PSPermGen       total 41984K, used 28051K [0x00000000d0000000, 0x00000000d2900000, 0x00000000e0000000)
  object space 41984K, 66% used [0x00000000d0000000,0x00000000d1b64e10,0x00000000d2900000)
Event: 8.690 GC heap after
Heap after GC invocations=6 (full 1):
 PSYoungGen      total 44544K, used 1517K [0x00000000f5500000, 0x00000000fb580000, 0x0000000100000000)
  eden space 43008K, 0% used [0x00000000f5500000,0x00000000f5500000,0x00000000f7f00000)
  from space 1536K, 98% used [0x00000000f7f00000,0x00000000f807b7d8,0x00000000f8080000)
  to   space 14336K, 0% used [0x00000000fa780000,0x00000000fa780000,0x00000000fb580000)
 ParOldGen       total 41984K, used 27159K [0x00000000e0000000, 0x00000000e2900000, 0x00000000f5500000)
  object space 41984K, 64% used [0x00000000e0000000,0x00000000e1a85f48,0x00000000e2900000)
 PSPermGen       total 41984K, used 28051K [0x00000000d0000000, 0x00000000d2900000, 0x00000000e0000000)
  object space 41984K, 66% used [0x00000000d0000000,0x00000000d1b64e10,0x00000000d2900000)
}
Event: 10.787 GC heap before
{Heap before GC invocations=7 (full 1):
 PSYoungGen      total 44544K, used 44525K [0x00000000f5500000, 0x00000000fb580000, 0x0000000100000000)
  eden space 43008K, 100% used [0x00000000f5500000,0x00000000f7f00000,0x00000000f7f00000)
  from space 1536K, 98% used [0x00000000f7f00000,0x00000000f807b7d8,0x00000000f8080000)
  to   space 14336K, 0% used [0x00000000fa780000,0x00000000fa780000,0x00000000fb580000)
 ParOldGen       total 41984K, used 27159K [0x00000000e0000000, 0x00000000e2900000, 0x00000000f5500000)
  object space 41984K, 64% used [0x00000000e0000000,0x00000000e1a85f48,0x00000000e2900000)
 PSPermGen       total 41984K, used 35498K [0x00000000d0000000, 0x00000000d2900000, 0x00000000e0000000)
  object space 41984K, 84% used [0x00000000d0000000,0x00000000d22aa940,0x00000000d2900000)
Event: 10.800 GC heap after
Heap after GC invocations=7 (full 1):
 PSYoungGen      total 82432K, used 11005K [0x00000000f5500000, 0x00000000fb580000, 0x0000000100000000)
  eden space 68096K, 0% used [0x00000000f5500000,0x00000000f5500000,0x00000000f9780000)
  from space 14336K, 76% used [0x00000000fa780000,0x00000000fb23f658,0x00000000fb580000)
  to   space 15360K, 0% used [0x00000000f9780000,0x00000000f9780000,0x00000000fa680000)
 ParOldGen       total 41984K, used 27159K [0x00000000e0000000, 0x00000000e2900000, 0x00000000f5500000)
  object space 41984K, 64% used [0x00000000e0000000,0x00000000e1a85f48,0x00000000e2900000)
 PSPermGen       total 41984K, used 35498K [0x00000000d0000000, 0x00000000d2900000, 0x00000000e0000000)
  object space 41984K, 84% used [0x00000000d0000000,0x00000000d22aa940,0x00000000d2900000)
}
Event: 17.964 GC heap before
{Heap before GC invocations=8 (full 1):
 PSYoungGen      total 82432K, used 79101K [0x00000000f5500000, 0x00000000fb580000, 0x0000000100000000)
  eden space 68096K, 100% used [0x00000000f5500000,0x00000000f9780000,0x00000000f9780000)
  from space 14336K, 76% used [0x00000000fa780000,0x00000000fb23f658,0x00000000fb580000)
  to   space 15360K, 0% used [0x00000000f9780000,0x00000000f9780000,0x00000000fa680000)
 ParOldGen       total 41984K, used 27159K [0x00000000e0000000, 0x00000000e2900000, 0x00000000f5500000)
  object space 41984K, 64% used [0x00000000e0000000,0x00000000e1a85f48,0x00000000e2900000)
 PSPermGen       total 48640K, used 48220K [0x00000000d0000000, 0x00000000d2f80000, 0x00000000e0000000)
  object space 48640K, 99% used [0x00000000d0000000,0x00000000d2f17120,0x00000000d2f80000)
Event: 17.989 GC heap after
Heap after GC invocations=8 (full 1):
 PSYoungGen      total 83456K, used 15355K [0x00000000f5500000, 0x00000000fed80000, 0x0000000100000000)
  eden space 68096K, 0% used [0x00000000f5500000,0x00000000f5500000,0x00000000f9780000)
  from space 15360K, 99% used [0x00000000f9780000,0x00000000fa67edf8,0x00000000fa680000)
  to   space 26112K, 0% used [0x00000000fd400000,0x00000000fd400000,0x00000000fed80000)
 ParOldGen       total 43008K, used 42618K [0x00000000e0000000, 0x00000000e2a00000, 0x00000000f5500000)
  object space 43008K, 99% used [0x00000000e0000000,0x00000000e299e8f0,0x00000000e2a00000)
 PSPermGen       total 48640K, used 48220K [0x00000000d0000000, 0x00000000d2f80000, 0x00000000e0000000)
  object space 48640K, 99% used [0x00000000d0000000,0x00000000d2f17120,0x00000000d2f80000)
}
Event: 17.989 GC heap before
{Heap before GC invocations=9 (full 2):
 PSYoungGen      total 83456K, used 15355K [0x00000000f5500000, 0x00000000fed80000, 0x0000000100000000)
  eden space 68096K, 0% used [0x00000000f5500000,0x00000000f5500000,0x00000000f9780000)
  from space 15360K, 99% used [0x00000000f9780000,0x00000000fa67edf8,0x00000000fa680000)
  to   space 26112K, 0% used [0x00000000fd400000,0x00000000fd400000,0x00000000fed80000)
 ParOldGen       total 43008K, used 42618K [0x00000000e0000000, 0x00000000e2a00000, 0x00000000f5500000)
  object space 43008K, 99% used [0x00000000e0000000,0x00000000e299e8f0,0x00000000e2a00000)
 PSPermGen       total 48640K, used 48220K [0x00000000d0000000, 0x00000000d2f80000, 0x00000000e0000000)
  object space 48640K, 99% used [0x00000000d0000000,0x00000000d2f17120,0x00000000d2f80000)
Event: 18.144 GC heap after
Heap after GC invocations=9 (full 2):
 PSYoungGen      total 83456K, used 5096K [0x00000000f5500000, 0x00000000fed80000, 0x0000000100000000)
  eden space 68096K, 0% used [0x00000000f5500000,0x00000000f5500000,0x00000000f9780000)
  from space 15360K, 33% used [0x00000000f9780000,0x00000000f9c7a0e0,0x00000000fa680000)
  to   space 26112K, 0% used [0x00000000fd400000,0x00000000fd400000,0x00000000fed80000)
 ParOldGen       total 80896K, used 42975K [0x00000000e0000000, 0x00000000e4f00000, 0x00000000f5500000)
  object space 80896K, 53% used [0x00000000e0000000,0x00000000e29f7d88,0x00000000e4f00000)
 PSPermGen       total 77312K, used 48213K [0x00000000d0000000, 0x00000000d4b80000, 0x00000000e0000000)
  object space 77312K, 62% used [0x00000000d0000000,0x00000000d2f15488,0x00000000d4b80000)
}

