# JRE version: OpenJDK Runtime Environment (7.0_65-b32) (build 1.7.0_65-b32)
# Java VM: OpenJDK 64-Bit Server VM (24.65-b04 mixed mode linux-amd64 compressed oops)
Heap
 PSYoungGen      total 101376K, used 32679K [0x00000000f5500000, 0x00000000fdd00000, 0x0000000100000000)
  eden space 69632K, 9% used [0x00000000f5500000,0x00000000f5b3fde0,0x00000000f9900000)
  from space 31744K, 82% used [0x00000000fba80000,0x00000000fd42a0b0,0x00000000fd980000)
  to   space 34304K, 0% used [0x00000000f9900000,0x00000000f9900000,0x00000000fba80000)
 ParOldGen       total 55808K, used 32870K [0x00000000e0000000, 0x00000000e3680000, 0x00000000f5500000)
  object space 55808K, 58% used [0x00000000e0000000,0x00000000e2019be0,0x00000000e3680000)
 PSPermGen       total 64000K, used 63513K [0x00000000d0000000, 0x00000000d3e80000, 0x00000000e0000000)
  object space 64000K, 99% used [0x00000000d0000000,0x00000000d3e06580,0x00000000d3e80000)
GC Heap History (10 events):
Event: 164.669 GC heap before
{Heap before GC invocations=10 (full 2):
 PSYoungGen      total 82432K, used 82389K [0x00000000f5500000, 0x00000000fbf00000, 0x0000000100000000)
  eden space 67584K, 99% used [0x00000000f5500000,0x00000000f96f7168,0x00000000f9700000)
  from space 14848K, 99% used [0x00000000f9f00000,0x00000000fad7e3e0,0x00000000fad80000)
  to   space 17920K, 0% used [0x00000000fad80000,0x00000000fad80000,0x00000000fbf00000)
 ParOldGen       total 55808K, used 27699K [0x00000000e0000000, 0x00000000e3680000, 0x00000000f5500000)
  object space 55808K, 49% used [0x00000000e0000000,0x00000000e1b0cd70,0x00000000e3680000)
 PSPermGen       total 53248K, used 51946K [0x00000000d0000000, 0x00000000d3400000, 0x00000000e0000000)
  object space 53248K, 97% used [0x00000000d0000000,0x00000000d32ba9d0,0x00000000d3400000)
Event: 164.691 GC heap after
Heap after GC invocations=10 (full 2):
 PSYoungGen      total 83456K, used 17917K [0x00000000f5500000, 0x00000000fd480000, 0x0000000100000000)
  eden space 65536K, 0% used [0x00000000f5500000,0x00000000f5500000,0x00000000f9500000)
  from space 17920K, 99% used [0x00000000fad80000,0x00000000fbeff788,0x00000000fbf00000)
  to   space 25088K, 0% used [0x00000000f9500000,0x00000000f9500000,0x00000000fad80000)
 ParOldGen       total 55808K, used 32854K [0x00000000e0000000, 0x00000000e3680000, 0x00000000f5500000)
  object space 55808K, 58% used [0x00000000e0000000,0x00000000e2015be0,0x00000000e3680000)
 PSPermGen       total 53248K, used 51946K [0x00000000d0000000, 0x00000000d3400000, 0x00000000e0000000)
  object space 53248K, 97% used [0x00000000d0000000,0x00000000d32ba9d0,0x00000000d3400000)
}
Event: 681.964 GC heap before
{Heap before GC invocations=11 (full 2):
 PSYoungGen      total 83456K, used 83418K [0x00000000f5500000, 0x00000000fd480000, 0x0000000100000000)
  eden space 65536K, 99% used [0x00000000f5500000,0x00000000f94f7218,0x00000000f9500000)
  from space 17920K, 99% used [0x00000000fad80000,0x00000000fbeff788,0x00000000fbf00000)
  to   space 25088K, 0% used [0x00000000f9500000,0x00000000f9500000,0x00000000fad80000)
 ParOldGen       total 55808K, used 32854K [0x00000000e0000000, 0x00000000e3680000, 0x00000000f5500000)
  object space 55808K, 58% used [0x00000000e0000000,0x00000000e2015be0,0x00000000e3680000)
 PSPermGen       total 53248K, used 53131K [0x00000000d0000000, 0x00000000d3400000, 0x00000000e0000000)
  object space 53248K, 99% used [0x00000000d0000000,0x00000000d33e2e60,0x00000000d3400000)
Event: 681.993 GC heap after
Heap after GC invocations=11 (full 2):
 PSYoungGen      total 90624K, used 19000K [0x00000000f5500000, 0x00000000fd000000, 0x0000000100000000)
  eden space 65536K, 0% used [0x00000000f5500000,0x00000000f5500000,0x00000000f9500000)
  from space 25088K, 75% used [0x00000000f9500000,0x00000000fa78e000,0x00000000fad80000)
  to   space 27136K, 0% used [0x00000000fb580000,0x00000000fb580000,0x00000000fd000000)
 ParOldGen       total 55808K, used 32862K [0x00000000e0000000, 0x00000000e3680000, 0x00000000f5500000)
  object space 55808K, 58% used [0x00000000e0000000,0x00000000e2017be0,0x00000000e3680000)
 PSPermGen       total 53248K, used 53131K [0x00000000d0000000, 0x00000000d3400000, 0x00000000e0000000)
  object space 53248K, 99% used [0x00000000d0000000,0x00000000d33e2e60,0x00000000d3400000)
}
Event: 1272.035 GC heap before
{Heap before GC invocations=12 (full 2):
 PSYoungGen      total 90624K, used 84536K [0x00000000f5500000, 0x00000000fd000000, 0x0000000100000000)
  eden space 65536K, 100% used [0x00000000f5500000,0x00000000f9500000,0x00000000f9500000)
  from space 25088K, 75% used [0x00000000f9500000,0x00000000fa78e000,0x00000000fad80000)
  to   space 27136K, 0% used [0x00000000fb580000,0x00000000fb580000,0x00000000fd000000)
 ParOldGen       total 55808K, used 32862K [0x00000000e0000000, 0x00000000e3680000, 0x00000000f5500000)
  object space 55808K, 58% used [0x00000000e0000000,0x00000000e2017be0,0x00000000e3680000)
 PSPermGen       total 58880K, used 58681K [0x00000000d0000000, 0x00000000d3980000, 0x00000000e0000000)
  object space 58880K, 99% used [0x00000000d0000000,0x00000000d394e458,0x00000000d3980000)
Event: 1272.063 GC heap after
Heap after GC invocations=12 (full 2):
 PSYoungGen      total 86528K, used 22297K [0x00000000f5500000, 0x00000000fcc00000, 0x0000000100000000)
  eden space 63488K, 0% used [0x00000000f5500000,0x00000000f5500000,0x00000000f9300000)
  from space 23040K, 96% used [0x00000000fb580000,0x00000000fcb46518,0x00000000fcc00000)
  to   space 29184K, 0% used [0x00000000f9300000,0x00000000f9300000,0x00000000faf80000)
 ParOldGen       total 55808K, used 32862K [0x00000000e0000000, 0x00000000e3680000, 0x00000000f5500000)
  object space 55808K, 58% used [0x00000000e0000000,0x00000000e2017be0,0x00000000e3680000)
 PSPermGen       total 58880K, used 58681K [0x00000000d0000000, 0x00000000d3980000, 0x00000000e0000000)
  object space 58880K, 99% used [0x00000000d0000000,0x00000000d394e458,0x00000000d3980000)
}
Event: 1273.319 GC heap before
{Heap before GC invocations=13 (full 2):
 PSYoungGen      total 86528K, used 85785K [0x00000000f5500000, 0x00000000fcc00000, 0x0000000100000000)
  eden space 63488K, 100% used [0x00000000f5500000,0x00000000f9300000,0x00000000f9300000)
  from space 23040K, 96% used [0x00000000fb580000,0x00000000fcb46518,0x00000000fcc00000)
  to   space 29184K, 0% used [0x00000000f9300000,0x00000000f9300000,0x00000000faf80000)
 ParOldGen       total 55808K, used 32862K [0x00000000e0000000, 0x00000000e3680000, 0x00000000f5500000)
  object space 55808K, 58% used [0x00000000e0000000,0x00000000e2017be0,0x00000000e3680000)
 PSPermGen       total 61952K, used 61696K [0x00000000d0000000, 0x00000000d3c80000, 0x00000000e0000000)
  object space 61952K, 99% used [0x00000000d0000000,0x00000000d3c401a0,0x00000000d3c80000)
Event: 1273.342 GC heap after
Heap after GC invocations=13 (full 2):
 PSYoungGen      total 92672K, used 23558K [0x00000000f5500000, 0x00000000fd980000, 0x0000000100000000)
  eden space 63488K, 0% used [0x00000000f5500000,0x00000000f5500000,0x00000000f9300000)
  from space 29184K, 80% used [0x00000000f9300000,0x00000000faa01a40,0x00000000faf80000)
  to   space 31744K, 0% used [0x00000000fba80000,0x00000000fba80000,0x00000000fd980000)
 ParOldGen       total 55808K, used 32862K [0x00000000e0000000, 0x00000000e3680000, 0x00000000f5500000)
  object space 55808K, 58% used [0x00000000e0000000,0x00000000e2017be0,0x00000000e3680000)
 PSPermGen       total 61952K, used 61696K [0x00000000d0000000, 0x00000000d3c80000, 0x00000000e0000000)
  object space 61952K, 99% used [0x00000000d0000000,0x00000000d3c401a0,0x00000000d3c80000)
}
Event: 1292.499 GC heap before
{Heap before GC invocations=14 (full 2):
 PSYoungGen      total 92672K, used 87036K [0x00000000f5500000, 0x00000000fd980000, 0x0000000100000000)
  eden space 63488K, 99% used [0x00000000f5500000,0x00000000f92fd9b8,0x00000000f9300000)
  from space 29184K, 80% used [0x00000000f9300000,0x00000000faa01a40,0x00000000faf80000)
  to   space 31744K, 0% used [0x00000000fba80000,0x00000000fba80000,0x00000000fd980000)
 ParOldGen       total 55808K, used 32862K [0x00000000e0000000, 0x00000000e3680000, 0x00000000f5500000)
  object space 55808K, 58% used [0x00000000e0000000,0x00000000e2017be0,0x00000000e3680000)
 PSPermGen       total 62464K, used 62416K [0x00000000d0000000, 0x00000000d3d00000, 0x00000000e0000000)
  object space 62464K, 99% used [0x00000000d0000000,0x00000000d3cf4390,0x00000000d3d00000)
Event: 1292.520 GC heap after
Heap after GC invocations=14 (full 2):
 PSYoungGen      total 101376K, used 26280K [0x00000000f5500000, 0x00000000fdd00000, 0x0000000100000000)
  eden space 69632K, 0% used [0x00000000f5500000,0x00000000f5500000,0x00000000f9900000)
  from space 31744K, 82% used [0x00000000fba80000,0x00000000fd42a0b0,0x00000000fd980000)
  to   space 34304K, 0% used [0x00000000f9900000,0x00000000f9900000,0x00000000fba80000)
 ParOldGen       total 55808K, used 32870K [0x00000000e0000000, 0x00000000e3680000, 0x00000000f5500000)
  object space 55808K, 58% used [0x00000000e0000000,0x00000000e2019be0,0x00000000e3680000)
 PSPermGen       total 62464K, used 62416K [0x00000000d0000000, 0x00000000d3d00000, 0x00000000e0000000)
  object space 62464K, 99% used [0x00000000d0000000,0x00000000d3cf4390,0x00000000d3d00000)
}

